[2026-05-29 18:42:57] ========== 开始备份数据库: nanmeihao ==========
[2026-05-29 18:42:57] 正在导出数据库到临时文件...
[2026-05-29 18:42:58] 本地备份生成成功: /root/mysqlAutoBackup/backups/nanmeihao_20260529_184257.sql.gz (20K)
[2026-05-29 18:42:58] 正在上传至 OSS: oss://nannianghaowu-mysql-backup/
[2026-05-29 18:42:58] OSS 上传成功: oss://nannianghaowu-mysql-backup/nanmeihao_20260529_184257.sql.gz
[2026-05-29 18:42:58] 本地临时文件已清理
[2026-05-29 18:42:58] ========== 备份完成 ==========
[2026-05-29 18:50:32] ========== 开始备份数据库: potato_timer ==========
[2026-05-29 18:50:32] 正在导出数据库到临时文件...
[2026-05-29 18:50:32] 本地备份生成成功: /root/mysqlAutoBackup/backups/potato_timer_20260529_185032.sql.gz (4.0K)
[2026-05-29 18:50:32] 正在上传至 OSS: oss://nannianghaowu-mysql-backup/
[2026-05-29 18:50:33] OSS 上传成功: oss://nannianghaowu-mysql-backup/potato_timer_20260529_185032.sql.gz
[2026-05-29 18:50:33] 本地临时文件已清理
[2026-05-29 18:50:33] ========== 备份完成 ==========
[2026-05-29 18:53:30] ========== 开始备份数据库: potato_timer ==========
[2026-05-29 18:53:30] 正在导出数据库到临时文件...
[2026-05-29 18:53:30] 本地备份生成成功: /root/mysqlAutoBackup/backups/potato_timer_20260529_185330.sql.gz (4.0K)
[2026-05-29 18:53:30] 正在上传至 OSS: oss://nannianghaowu-mysql-backup/
[2026-05-29 18:53:30] OSS 上传成功: oss://nannianghaowu-mysql-backup/potato_timer_20260529_185330.sql.gz
[2026-05-29 18:53:30] 本地临时文件已清理
[2026-05-29 18:53:30] ========== 备份完成 ==========
